<?xml version="1.0" encoding="utf-8"?><testsuites><testsuite errors="0" failures="0" hostname="DESKTOP-5900X" name="pytest" skipped="0" tests="5" time="0.077" timestamp="2024-06-30T12:45:46.519000"><testcase classname="pytest.test_main" file="pytest\test_main.py" line="15" name="test_int2bytes_big_endian" time="0.001"></testcase><testcase classname="pytest.test_main" file="pytest\test_main.py" line="21" name="test_int2bytes_little_endian" time="0.001"></testcase><testcase classname="pytest.test_main" file="pytest\test_main.py" line="27" name="test_int2bytes_length" time="0.002"></testcase><testcase classname="pytest.test_main" file="pytest\test_main.py" line="34" name="test_make_file_header" time="0.001"></testcase><testcase classname="pytest.test_main" file="pytest\test_main.py" line="38" name="test_make_info_header" time="0.001"></testcase></testsuite></testsuites>