<?xml version="1.0" encoding="utf-8"?><testsuites><testsuite errors="0" failures="0" hostname="DESKTOP-5900X" name="pytest" skipped="0" tests="3" time="0.026" timestamp="2024-06-30T11:56:22.396000"><testcase classname="pytest.test_main" file="pytest\test_main.py" line="15" name="test_int2bytes_big_endian" time="0.002"></testcase><testcase classname="pytest.test_main" file="pytest\test_main.py" line="20" name="test_int2bytes_little_endian" time="0.000"></testcase><testcase classname="pytest.test_main" file="pytest\test_main.py" line="25" name="test_int2bytes_length" time="0.001"></testcase></testsuite></testsuites>